<Event xmlns='http://schemas.microsoft.com/win/2004/08/events/event'><System><Provider Name='Microsoft-Windows-Hyper-V-VmSwitch' Guid='{67dc0d66-3695-47c0-9642-33f76f7bd7ad}'/><EventID>292</EventID><Version>0</Version><Level>4</Level><Task>0</Task><Opcode>0</Opcode><Keywords>0x8000000000000080</Keywords><TimeCreated SystemTime='2025-09-17T00:08:42.7458101Z'/><EventRecordID>29855</EventRecordID><Correlation/><Execution ProcessID='3208' ThreadID='3080'/><Channel>System</Channel><Computer>DESKTOP-3ICJCIU</Computer><Security/></System><EventData><Data Name='PortName'>790E58B4-7939-4434-9358-89AE7DDBE87E</Data><Data Name='PortFName'>WSL (Hyper-V firewall)</Data><Data Name='OldPortRscEnabled'>0</Data><Data Name='NewPortRscEnabled'>1</Data><Data Name='RscStateModifiedReason'>0</Data></EventData></Event><Event xmlns='http://schemas.microsoft.com/win/2004/08/events/event'><System><Provider Name='Microsoft-Windows-Hyper-V-VmSwitch' Guid='{67dc0d66-3695-47c0-9642-33f76f7bd7ad}'/><EventID>67</EventID><Version>0</Version><Level>4</Level><Task>0</Task><Opcode>0</Opcode><Keywords>0x8000000000000081</Keywords><TimeCreated SystemTime='2025-09-17T00:08:42.7458711Z'/><EventRecordID>29856</EventRecordID><Correlation/><Execution ProcessID='3208' ThreadID='3080'/><Channel>System</Channel><Computer>DESKTOP-3ICJCIU</Computer><Security UserID='S-1-5-18'/></System><EventData><Data Name='PortNameLen'>36</Data><Data Name='PortName'>790E58B4-7939-4434-9358-89AE7DDBE87E</Data><Data Name='PortFNameLen'>22</Data><Data Name='PortFName'>WSL (Hyper-V firewall)</Data><Data Name='SwitchNameLen'>36</Data><Data Name='SwitchName'>790E58B4-7939-4434-9358-89AE7DDBE87E</Data><Data Name='SwitchFNameLen'>22</Data><Data Name='SwitchFName'>WSL (Hyper-V firewall)</Data><Data Name='Flags'>0</Data><Data Name='OwnerService'>1</Data></EventData></Event><Event xmlns='http://schemas.microsoft.com/win/2004/08/events/event'><System><Provider Name='Microsoft-Windows-Hyper-V-VmSwitch' Guid='{67dc0d66-3695-47c0-9642-33f76f7bd7ad}'/><EventID>291</EventID><Version>0</Version><Level>4</Level><Task>0</Task><Opcode>0</Opcode><Keywords>0x8000000000000080</Keywords><TimeCreated SystemTime='2025-09-17T00:08:42.7458840Z'/><EventRecordID>29857</EventRecordID><Correlation/><Execution ProcessID='3208' ThreadID='3080'/><Channel>System</Channel><Computer>DESKTOP-3ICJCIU</Computer><Security UserID='S-1-5-18'/></System><EventData><Data Name='NicName'>790E58B4-7939-4434-9358-89AE7DDBE87E</Data><Data Name='NicFName'>WSL (Hyper-V firewall)</Data><Data Name='OldNicIPv4RscEnabled'>0</Data><Data Name='OldNicIPv6RscEnabled'>0</Data><Data Name='NewNicIPv4RscEnabled'>0</Data><Data Name='NewNicIPv6RscEnabled'>0</Data><Data Name='RscStateModifiedReason'>3</Data></EventData></Event><Event xmlns='http://schemas.microsoft.com/win/2004/08/events/event'><System><Provider Name='Microsoft-Windows-Hyper-V-VmSwitch' Guid='{67dc0d66-3695-47c0-9642-33f76f7bd7ad}'/><EventID>233</EventID><Version>0</Version><Level>4</Level><Task>0</Task><Opcode>0</Opcode><Keywords>0x8000000000000080</Keywords><TimeCreated SystemTime='2025-09-17T00:08:42.7458847Z'/><EventRecordID>29858</EventRecordID><Correlation/><Execution ProcessID='3208' ThreadID='3080'/><Channel>System</Channel><Computer>DESKTOP-3ICJCIU</Computer><Security UserID='S-1-5-18'/></System><EventData><Data Name='NicNameLen'>36</Data><Data Name='NicName'>790E58B4-7939-4434-9358-89AE7DDBE87E</Data><Data Name='NicFNameLen'>22</Data><Data Name='NicFName'>WSL (Hyper-V firewall)</Data><Data Name='Operation'>7</Data><Data Name='NicInstanceId'>{00000000-0000-0000-0000-000000000000}</Data></EventData></Event><Event xmlns='http://schemas.microsoft.com/win/2004/08/events/event'><System><Provider Name='Microsoft-Windows-Hyper-V-VmSwitch' Guid='{67dc0d66-3695-47c0-9642-33f76f7bd7ad}'/><EventID>232</EventID><Version>0</Version><Level>4</Level><Task>0</Task><Opcode>0</Opcode><Keywords>0x8000000000000080</Keywords><TimeCreated SystemTime='2025-09-17T00:08:42.7458918Z'/><EventRecordID>29859</EventRecordID><Correlation/><Execution ProcessID='3208' ThreadID='3080'/><Channel>System</Channel><Computer>DESKTOP-3ICJCIU</Computer><Security UserID='S-1-5-18'/></System><EventData><Data Name='NicNameLen'>36</Data><Data Name='NicName'>790E58B4-7939-4434-9358-89AE7DDBE87E</Data><Data Name='NicFNameLen'>22</Data><Data Name='NicFName'>WSL (Hyper-V firewall)</Data><Data Name='PortNameLen'>36</Data><Data Name='PortName'>790E58B4-7939-4434-9358-89AE7DDBE87E</Data><Data Name='PortFNameLen'>22</Data><Data Name='PortFName'>WSL (Hyper-V firewall)</Data><Data Name='SwitchNameLen'>36</Data><Data Name='SwitchName'>790E58B4-7939-4434-9358-89AE7DDBE87E</Data><Data Name='SwitchFNameLen'>22</Data><Data Name='SwitchFName'>WSL (Hyper-V firewall)</Data></EventData></Event><Event xmlns='http://schemas.microsoft.com/win/2004/08/events/event'><System><Provider Name='Microsoft-Windows-Hyper-V-VmSwitch' Guid='{67dc0d66-3695-47c0-9642-33f76f7bd7ad}'/><EventID>9</EventID><Version>0</Version><Level>4</Level><Task>1005</Task><Opcode>0</Opcode><Keywords>0x8000000000000080</Keywords><TimeCreated SystemTime='2025-09-17T00:08:42.7459300Z'/><EventRecordID>29860</EventRecordID><Correlation/><Execution ProcessID='3208' ThreadID='3080'/><Channel>System</Channel><Computer>DESKTOP-3ICJCIU</Computer><Security UserID='S-1-5-18'/></System><EventData><Data Name='SwitchNameLen'>36</Data><Data Name='SwitchName'>790E58B4-7939-4434-9358-89AE7DDBE87E</Data><Data Name='SwitchFNameLen'>22</Data><Data Name='SwitchFName'>WSL (Hyper-V firewall)</Data><Data Name='Flags'>32</Data><Data Name='OwnerService'>1</Data></EventData></Event><Event xmlns='http://schemas.microsoft.com/win/2004/08/events/event'><System><Provider Name='VfpExt'/><EventID Qualifiers='16384'>7036</EventID><Version>0</Version><Level>4</Level><Task>0</Task><Opcode>0</Opcode><Keywords>0x80000000000000</Keywords><TimeCreated SystemTime='2025-09-17T00:08:42.8234444Z'/><EventRecordID>29861</EventRecordID><Correlation/><Execution ProcessID='4' ThreadID='100'/><Channel>System</Channel><Computer>DESKTOP-3ICJCIU</Computer><Security/></System><EventData><Data></Data><Data>Filter attach start</Data><Binary>0000000002002C00000000007C1B0040000000000000000000000000000000000000000000000000</Binary></EventData></Event><Event xmlns='http://schemas.microsoft.com/win/2004/08/events/event'><System><Provider Name='VfpExt'/><EventID Qualifiers='16384'>7036</EventID><Version>0</Version><Level>4</Level><Task>0</Task><Opcode>0</Opcode><Keywords>0x80000000000000</Keywords><TimeCreated SystemTime='2025-09-17T00:08:42.8234444Z'/><EventRecordID>29862</EventRecordID><Correlation/><Execution ProcessID='4' ThreadID='100'/><Channel>System</Channel><Computer>DESKTOP-3ICJCIU</Computer><Security/></System><EventData><Data></Data><Data>Filter attach complete</Data><Binary>0000000002002C00000000007C1B0040000000000000000000000000000000000000000000000000</Binary></EventData></Event><Event xmlns='http://schemas.microsoft.com/win/2004/08/events/event'><System><Provider Name='VfpExt'/><EventID Qualifiers='16384'>7036</EventID><Version>0</Version><Level>4</Level><Task>0</Task><Opcode>0</Opcode><Keywords>0x80000000000000</Keywords><TimeCreated SystemTime='2025-09-17T00:08:42.8234444Z'/><EventRecordID>29863</EventRecordID><Correlation/><Execution ProcessID='4' ThreadID='200'/><Channel>System</Channel><Computer>DESKTOP-3ICJCIU</Computer><Security/></System><EventData><Data></Data><Data>Filter restart start</Data><Binary>0000000002002C00000000007C1B0040000000000000000000000000000000000000000000000000</Binary></EventData></Event><Event xmlns='http://schemas.microsoft.com/win/2004/08/events/event'><System><Provider Name='VfpExt'/><EventID Qualifiers='16384'>7036</EventID><Version>0</Version><Level>4</Level><Task>0</Task><Opcode>0</Opcode><Keywords>0x80000000000000</Keywords><TimeCreated SystemTime='2025-09-17T00:08:42.8234444Z'/><EventRecordID>29864</EventRecordID><Correlation/><Execution ProcessID='4' ThreadID='200'/><Channel>System</Channel><Computer>DESKTOP-3ICJCIU</Computer><Security/></System><EventData><Data></Data><Data>Filter restart complete</Data><Binary>0000000002002C00000000007C1B0040000000000000000000000000000000000000000000000000</Binary></EventData></Event>